gplink-1.4.0 #1107 (Jan  1 2021)
Copyright (c) 1998-2014 gputils project
Listing File Generated: 8-24-2023  23:48:58
 
 
Address  Value    Disassembly              Source
-------  -----    -----------              ------
                                           ;--------------------------------------------------------
                                           ; File Created by SDCC : free open source ANSI-C Compiler
                                           ; Version 4.0.0 #11528 (Linux)
                                           ;--------------------------------------------------------
                                           ; PIC port for the 14-bit core
                                           ;--------------------------------------------------------
                                           ;	.file	"dado.c"
                                           	list	p=12f683
                                           	radix dec
                                           	include "p12f683.inc"
                                                   LIST
                                           
                                           ;==========================================================================
                                           ; Build date : Aug 07 2014
                                           ;  MPASM PIC12F683 processor include
                                           ; 
                                           ;  (c) Copyright 1999-2014 Microchip Technology, All rights reserved
                                           ;==========================================================================
                                           
                                                   NOLIST
                                           ;--------------------------------------------------------
                                           ; external declarations
                                           ;--------------------------------------------------------
                                           	extern	_ANSEL
                                           	extern	_TRISIO
                                           	extern	_GPIO
                                           	extern	_GPIObits
                                           	extern	__sdcc_gsinit_startup
                                           ;--------------------------------------------------------
                                           ; global declarations
                                           ;--------------------------------------------------------
                                           	global	_main
                                           	global	_delay
                                           
                                           	global PSAVE
                                           	global SSAVE
                                           	global WSAVE
                                           	global STK12
                                           	global STK11
                                           	global STK10
                                           	global STK09
                                           	global STK08
                                           	global STK07
                                           	global STK06
                                           	global STK05
                                           	global STK04
                                           	global STK03
                                           	global STK02
                                           	global STK01
                                           	global STK00
                                           
                                           sharebank udata_ovr 0x0070
                                           PSAVE	res 1
                                           SSAVE	res 1
                                           WSAVE	res 1
                                           STK12	res 1
                                           STK11	res 1
                                           STK10	res 1
                                           STK09	res 1
                                           STK08	res 1
                                           STK07	res 1
                                           STK06	res 1
                                           STK05	res 1
                                           STK04	res 1
                                           STK03	res 1
                                           STK02	res 1
                                           STK01	res 1
                                           STK00	res 1
                                           
                                           ;--------------------------------------------------------
                                           ; global definitions
                                           ;--------------------------------------------------------
                                           ;--------------------------------------------------------
                                           ; absolute symbol definitions
                                           ;--------------------------------------------------------
                                           ;--------------------------------------------------------
                                           ; compiler-defined variables
                                           ;--------------------------------------------------------
                                           UDL_dado_0	udata
                                           r0x1001	res	1
                                           r0x1000	res	1
                                           r0x1002	res	1
                                           r0x1003	res	1
                                           r0x1004	res	1
                                           r0x1005	res	1
                                           r0x1006	res	1
                                           r0x1007	res	1
                                           r0x1008	res	1
                                           r0x1009	res	1
                                           r0x100A	res	1
                                           r0x100B	res	1
                                           r0x100C	res	1
                                           r0x100D	res	1
                                           r0x100E	res	1
                                           ;--------------------------------------------------------
                                           ; initialized data
                                           ;--------------------------------------------------------
                                           ;--------------------------------------------------------
                                           ; initialized absolute data
                                           ;--------------------------------------------------------
                                           ;--------------------------------------------------------
                                           ; overlayable items in internal ram 
                                           ;--------------------------------------------------------
                                           ;	udata_ovr
                                           ;--------------------------------------------------------
                                           ; reset vector 
                                           ;--------------------------------------------------------
                                           STARTUP	code 0x0000
000000   0000     nop                      	nop
                                           	pagesel __sdcc_gsinit_startup
000001   2802     goto    0x0002           	goto	__sdcc_gsinit_startup
                                           ;--------------------------------------------------------
                                           ; code
                                           ;--------------------------------------------------------
                                           code_dado	code
                                           ;***
                                           ;  pBlock Stats: dbName = M
                                           ;***
                                           ;has an exit
                                           ;functions called:
                                           ;   _delay
                                           ;   _delay
                                           ;8 compiler assigned registers:
                                           ;   r0x1008
                                           ;   r0x1009
                                           ;   r0x100A
                                           ;   r0x100B
                                           ;   r0x100C
                                           ;   r0x100D
                                           ;   r0x100E
                                           ;   STK00
                                           ;; Starting pCode block
                                           S_dado__main	code
                                           _main:
                                           ; 2 exit points
                                           ;	.line	15; "dado.c"	GPIO   = 0x00;          // Configura todos los pines en bajo inicialmente
00009e   1283     bcf     0x03, 0x5        	BANKSEL	_GPIO
00009f   0185     clrf    0x05             	CLRF	_GPIO
                                           ;	.line	16; "dado.c"	TRISIO = 0b00001000;    // Configura GP3 como entrada y los demás como salidas
0000a0   3008     movlw   0x08             	MOVLW	0x08
0000a1   1683     bsf     0x03, 0x5        	BANKSEL	_TRISIO
0000a2   0085     movwf   0x05             	MOVWF	_TRISIO
                                           ;	.line	17; "dado.c"	ANSEL  = 0x00;          // Configura los pines como digitales
0000a3   019f     clrf    0x1f             	CLRF	_ANSEL
                                           ;	.line	19; "dado.c"	unsigned char estado_anterior = 1; // Variable para rastrear el estado anterior de GP3
0000a4   3001     movlw   0x01             	MOVLW	0x01
0000a5   1683     bsf     0x03, 0x5        	BANKSEL	r0x1008
0000a6   00a8     movwf   0x28             	MOVWF	r0x1008
                                           ;	.line	20; "dado.c"	unsigned char gp0_encendido = 0;   // Variable para rastrear el estado de GP0 (apagado por defecto)
0000a7   01a9     clrf    0x29             	CLRF	r0x1009
                                           ;	.line	21; "dado.c"	unsigned char gp1_encendido = 0;   // Variable para rastrear el estado de GP1 (apagado por defecto)
0000a8   01aa     clrf    0x2a             	CLRF	r0x100A
                                           ;	.line	22; "dado.c"	unsigned char gp2_encendido = 0;   // Variable para rastrear el estado de GP2 (apagado por defecto)
0000a9   01ab     clrf    0x2b             	CLRF	r0x100B
                                           _00142_DS_:
                                           ;	.line	27; "dado.c"	if (boton != estado_anterior)
0000aa   1683     bsf     0x03, 0x5        	BANKSEL	r0x100C
0000ab   01ac     clrf    0x2c             	CLRF	r0x100C
0000ac   1283     bcf     0x03, 0x5        	BANKSEL	_GPIObits
0000ad   1d85     btfss   0x05, 0x3        	BTFSS	_GPIObits,3
0000ae   28b1     goto    0x00b1           	GOTO	_00001_DS_
0000af   1683     bsf     0x03, 0x5        	BANKSEL	r0x100C
0000b0   0aac     incf    0x2c, 0x1        	INCF	r0x100C,F
                                           _00001_DS_:
0000b1   1683     bsf     0x03, 0x5        	BANKSEL	r0x100C
0000b2   082c     movf    0x2c, 0x0        	MOVF	r0x100C,W
0000b3   00ad     movwf   0x2d             	MOVWF	r0x100D
0000b4   0828     movf    0x28, 0x0        	MOVF	r0x1008,W
0000b5   00ac     movwf   0x2c             	MOVWF	r0x100C
                                           ;	.line	29; "dado.c"	if (boton == 0) // Cuando el botón cambia de alto a bajo (presionado)
0000b6   062d     xorwf   0x2d, 0x0        	XORWF	r0x100D,W
0000b7   1903     btfsc   0x03, 0x2        	BTFSC	STATUS,2
0000b8   28f1     goto    0x00f1           	GOTO	_00140_DS_
0000b9   1283     bcf     0x03, 0x5        	BANKSEL	_GPIObits
0000ba   1985     btfsc   0x05, 0x3        	BTFSC	_GPIObits,3
0000bb   28f1     goto    0x00f1           	GOTO	_00140_DS_
                                           ;	.line	32; "dado.c"	gp0_encendido = !gp0_encendido;
0000bc   1683     bsf     0x03, 0x5        	BANKSEL	r0x1009
0000bd   0829     movf    0x29, 0x0        	MOVF	r0x1009,W
0000be   3000     movlw   0x00             	MOVLW	0x00
0000bf   1903     btfsc   0x03, 0x2        	BTFSC	STATUS,2
0000c0   3001     movlw   0x01             	MOVLW	0x01
0000c1   00ac     movwf   0x2c             	MOVWF	r0x100C
0000c2   00a9     movwf   0x29             	MOVWF	r0x1009
                                           ;	.line	33; "dado.c"	gp1_encendido = !gp1_encendido;
0000c3   082a     movf    0x2a, 0x0        	MOVF	r0x100A,W
0000c4   3000     movlw   0x00             	MOVLW	0x00
0000c5   1903     btfsc   0x03, 0x2        	BTFSC	STATUS,2
0000c6   3001     movlw   0x01             	MOVLW	0x01
0000c7   00ac     movwf   0x2c             	MOVWF	r0x100C
0000c8   00aa     movwf   0x2a             	MOVWF	r0x100A
                                           ;	.line	34; "dado.c"	gp2_encendido = !gp2_encendido;
0000c9   082b     movf    0x2b, 0x0        	MOVF	r0x100B,W
0000ca   3000     movlw   0x00             	MOVLW	0x00
0000cb   1903     btfsc   0x03, 0x2        	BTFSC	STATUS,2
0000cc   3001     movlw   0x01             	MOVLW	0x01
0000cd   00ac     movwf   0x2c             	MOVWF	r0x100C
0000ce   00ab     movwf   0x2b             	MOVWF	r0x100B
                                           ;	.line	37; "dado.c"	GPIO = (GPIO & 0b11111000) | (gp0_encendido << 0) | (gp1_encendido << 1) | (gp2_encendido << 2);
0000cf   1283     bcf     0x03, 0x5        	BANKSEL	_GPIO
0000d0   0805     movf    0x05, 0x0        	MOVF	_GPIO,W
0000d1   1683     bsf     0x03, 0x5        	BANKSEL	r0x100C
0000d2   00ac     movwf   0x2c             	MOVWF	r0x100C
0000d3   30f8     movlw   0xf8             	MOVLW	0xf8
0000d4   05ac     andwf   0x2c, 0x1        	ANDWF	r0x100C,F
0000d5   0829     movf    0x29, 0x0        	MOVF	r0x1009,W
0000d6   00ad     movwf   0x2d             	MOVWF	r0x100D
0000d7   00ae     movwf   0x2e             	MOVWF	r0x100E
0000d8   00ad     movwf   0x2d             	MOVWF	r0x100D
0000d9   04ac     iorwf   0x2c, 0x1        	IORWF	r0x100C,F
0000da   082a     movf    0x2a, 0x0        	MOVF	r0x100A,W
0000db   00ad     movwf   0x2d             	MOVWF	r0x100D
0000dc   1003     bcf     0x03, 0x0        	BCF	STATUS,0
0000dd   0d2d     rlf     0x2d, 0x0        	RLF	r0x100D,W
0000de   00ae     movwf   0x2e             	MOVWF	r0x100E
0000df   00ad     movwf   0x2d             	MOVWF	r0x100D
0000e0   04ac     iorwf   0x2c, 0x1        	IORWF	r0x100C,F
0000e1   082b     movf    0x2b, 0x0        	MOVF	r0x100B,W
0000e2   00ad     movwf   0x2d             	MOVWF	r0x100D
0000e3   1003     bcf     0x03, 0x0        	BCF	STATUS,0
0000e4   0d2d     rlf     0x2d, 0x0        	RLF	r0x100D,W
0000e5   00ae     movwf   0x2e             	MOVWF	r0x100E
0000e6   1003     bcf     0x03, 0x0        	BCF	STATUS,0
0000e7   0dae     rlf     0x2e, 0x1        	RLF	r0x100E,F
0000e8   082e     movf    0x2e, 0x0        	MOVF	r0x100E,W
0000e9   00ad     movwf   0x2d             	MOVWF	r0x100D
0000ea   042c     iorwf   0x2c, 0x0        	IORWF	r0x100C,W
0000eb   1283     bcf     0x03, 0x5        	BANKSEL	_GPIO
0000ec   0085     movwf   0x05             	MOVWF	_GPIO
                                           ;	.line	40; "dado.c"	delay(100); // Este retardo es de 0.1 segundos
0000ed   3064     movlw   0x64             	MOVLW	0x64
0000ee   00ff     movwf   0x7f             	MOVWF	STK00
0000ef   3000     movlw   0x00             	MOVLW	0x00
                                           	PAGESEL	_delay
0000f0   2131     call    0x0131           	CALL	_delay
                                           	PAGESEL	$
                                           _00140_DS_:
                                           ;	.line	45; "dado.c"	estado_anterior = boton;
0000f1   1683     bsf     0x03, 0x5        	BANKSEL	r0x100C
0000f2   01ac     clrf    0x2c             	CLRF	r0x100C
0000f3   1283     bcf     0x03, 0x5        	BANKSEL	_GPIObits
0000f4   1d85     btfss   0x05, 0x3        	BTFSS	_GPIObits,3
0000f5   28f8     goto    0x00f8           	GOTO	_00002_DS_
0000f6   1683     bsf     0x03, 0x5        	BANKSEL	r0x100C
0000f7   0aac     incf    0x2c, 0x1        	INCF	r0x100C,F
                                           _00002_DS_:
0000f8   1683     bsf     0x03, 0x5        	BANKSEL	r0x100C
0000f9   082c     movf    0x2c, 0x0        	MOVF	r0x100C,W
0000fa   00a8     movwf   0x28             	MOVWF	r0x1008
0000fb   28aa     goto    0x00aa           	GOTO	_00142_DS_
                                           ;	.line	47; "dado.c"	}
0000fc   0008     return                   	RETURN	
                                           ; exit point of _main
                                           
                                           ;***
                                           ;  pBlock Stats: dbName = C
                                           ;***
                                           ;has an exit
                                           ;9 compiler assigned registers:
                                           ;   r0x1000
                                           ;   STK00
                                           ;   r0x1001
                                           ;   r0x1002
                                           ;   r0x1003
                                           ;   r0x1004
                                           ;   r0x1005
                                           ;   r0x1006
                                           ;   r0x1007
                                           ;; Starting pCode block
                                           S_dado__delay	code
                                           _delay:
                                           ; 2 exit points
                                           ;	.line	6; "dado.c"	void delay(unsigned int ciclos)
000131   1683     bsf     0x03, 0x5        	BANKSEL	r0x1000
000132   00a1     movwf   0x21             	MOVWF	r0x1000
000133   087f     movf    0x7f, 0x0        	MOVF	STK00,W
000134   00a0     movwf   0x20             	MOVWF	r0x1001
                                           ;	.line	9; "dado.c"	for (i = 0; i < ciclos; i++)
000135   01a2     clrf    0x22             	CLRF	r0x1002
000136   01a3     clrf    0x23             	CLRF	r0x1003
                                           _00111_DS_:
000137   1683     bsf     0x03, 0x5        	BANKSEL	r0x1000
000138   0821     movf    0x21, 0x0        	MOVF	r0x1000,W
000139   0223     subwf   0x23, 0x0        	SUBWF	r0x1003,W
00013a   1d03     btfss   0x03, 0x2        	BTFSS	STATUS,2
00013b   293e     goto    0x013e           	GOTO	_00132_DS_
00013c   0820     movf    0x20, 0x0        	MOVF	r0x1001,W
00013d   0222     subwf   0x22, 0x0        	SUBWF	r0x1002,W
                                           _00132_DS_:
00013e   1803     btfsc   0x03, 0x0        	BTFSC	STATUS,0
00013f   295a     goto    0x015a           	GOTO	_00113_DS_
                                           ;;genSkipc:3307: created from rifx:0x7fff93ed3b40
                                           ;	.line	10; "dado.c"	for (j = 0; j < 255; j++);
000140   30ff     movlw   0xff             	MOVLW	0xff
000141   1683     bsf     0x03, 0x5        	BANKSEL	r0x1004
000142   00a4     movwf   0x24             	MOVWF	r0x1004
000143   01a5     clrf    0x25             	CLRF	r0x1005
                                           _00109_DS_:
000144   30ff     movlw   0xff             	MOVLW	0xff
000145   1683     bsf     0x03, 0x5        	BANKSEL	r0x1004
000146   0724     addwf   0x24, 0x0        	ADDWF	r0x1004,W
000147   00a6     movwf   0x26             	MOVWF	r0x1006
000148   30ff     movlw   0xff             	MOVLW	0xff
000149   00a7     movwf   0x27             	MOVWF	r0x1007
00014a   0825     movf    0x25, 0x0        	MOVF	r0x1005,W
00014b   1803     btfsc   0x03, 0x0        	BTFSC	STATUS,0
00014c   0f25     incfsz  0x25, 0x0        	INCFSZ	r0x1005,W
00014d   07a7     addwf   0x27, 0x1        	ADDWF	r0x1007,F
00014e   0826     movf    0x26, 0x0        	MOVF	r0x1006,W
00014f   00a4     movwf   0x24             	MOVWF	r0x1004
000150   0827     movf    0x27, 0x0        	MOVF	r0x1007,W
000151   00a5     movwf   0x25             	MOVWF	r0x1005
000152   0827     movf    0x27, 0x0        	MOVF	r0x1007,W
000153   0426     iorwf   0x26, 0x0        	IORWF	r0x1006,W
000154   1d03     btfss   0x03, 0x2        	BTFSS	STATUS,2
000155   2944     goto    0x0144           	GOTO	_00109_DS_
                                           ;	.line	9; "dado.c"	for (i = 0; i < ciclos; i++)
000156   0aa2     incf    0x22, 0x1        	INCF	r0x1002,F
000157   1903     btfsc   0x03, 0x2        	BTFSC	STATUS,2
000158   0aa3     incf    0x23, 0x1        	INCF	r0x1003,F
000159   2937     goto    0x0137           	GOTO	_00111_DS_
                                           _00113_DS_:
                                           ;	.line	11; "dado.c"	}
00015a   0008     return                   	RETURN	
                                           ; exit point of _delay
                                           
                                           
                                           ;	code size estimation:
                                           ;	  117+   22 =   139 instructions (  322 byte)
                                           
                                           	end
